<?xml version="1.0" encoding="UTF-8"?>
<!-- Generated by org.testng.reporters.JUnitXMLReporter -->
<testsuite ignored="0" hostname="DESKTOP-P7A3JIB" failures="0" tests="4" name="Default test" time="30.05" errors="0" timestamp="2024-06-18T13:22:51 IST">
  <testcase classname="TestCases.Testcases" name="loginTest" time="1.683"/>
  <testcase classname="TestCases.Testcases" name="addTOcartTest" time="5.532"/>
  <testcase classname="TestCases.Testcases" name="buyDetialsTest" time="6.999"/>
  <testcase classname="TestCases.Testcases" name="placeOrderPage" time="3.458"/>
</testsuite> <!-- Default test -->
